2021-08-16 15:16:13,056 INFO  [log] The Number of Rows are  4
2021-08-16 15:16:13,057 INFO  [log] The Number of Columns are 1
2021-08-16 15:16:13,076 INFO  [log] Ths id is 4
2021-08-16 15:24:37,506 INFO  [log] 415f614328bd6226ea5d0052c2cbfffcea6336e9
2021-08-16 15:24:40,673 INFO  [log] f6286326965a02e894457111c084c3869c3def9c
2021-08-16 15:24:41,131 INFO  [log] HTTP status code: [HTTP/1.1 200 OK]
2021-08-16 15:24:41,138 INFO  [log] Succesfully validated http status code
2021-08-16 15:24:41,145 INFO  [log] Succesfully validated username:upskills_admin
2021-08-16 15:24:41,537 INFO  [log] HTTP status code: [HTTP/1.1 200 OK]
2021-08-16 15:24:41,543 INFO  [log] Succesfully validated http status code
2021-08-16 15:24:41,548 INFO  [log] Succesfully validated username:upskills_admin
2021-08-16 15:24:41,930 INFO  [log] HTTP status code: [HTTP/1.1 200 OK]
2021-08-16 15:24:41,930 INFO  [log] Succesfully validated http status code
2021-08-16 15:24:42,529 INFO  [log] The Number of Rows are  4
2021-08-16 15:24:42,530 INFO  [log] The Number of Columns are 1
2021-08-16 15:24:42,553 INFO  [log] Ths id is 4
2021-08-16 15:24:43,191 INFO  [log] The Response code is 401
2021-08-16 15:24:43,194 INFO  [log] Ths id is 5
2021-08-16 15:24:43,820 INFO  [log] The Response code is 401
2021-08-16 15:24:43,821 INFO  [log] Ths id is 6
2021-08-16 15:24:44,410 INFO  [log] The Response code is 401
2021-08-16 15:24:48,109 INFO  [log] 8b5edf03aedf3712271454a43c37c5387ccd3dad
2021-08-16 15:24:49,595 INFO  [log] HTTP pagination limit: [2]
2021-08-16 15:24:49,596 INFO  [log] Succesfully validated http pagination limit
2021-08-16 15:24:49,984 INFO  [log] a628f3926c1e7bd600b30b2cddce97905fe7dea9
